<?xml version="1.0" encoding="UTF-8" ?>
<testsuite errors="0" failures="0" hostname="DIVEER-DESKTOP" name="devops.numbers.NumberWordsTests" skipped="0" tests="5" time="0.056" timestamp="2018-10-05T17:39:27">
  <properties>
[...]
</properties>
  <testcase classname="devops.numbers.NumberWordsTests" name="negatives" time="0.001" />
  <testcase classname="devops.numbers.NumberWordsTests" name="millions" time="0.0" />
  <testcase classname="devops.numbers.NumberWordsTests" name="ones" time="0.0" />
  <testcase classname="devops.numbers.NumberWordsTests" name="thousands" time="0.0" />
  <testcase classname="devops.numbers.NumberWordsTests" name="hundreds" time="0.0" />
  <system-out><![CDATA[]]></system-out>
  <system-err><![CDATA[]]></system-err>
</testsuite>
